# JRE version: OpenJDK Runtime Environment (8.0_152-b01) (build 1.8.0_152-release-1024-b01)
# Java VM: OpenJDK 64-Bit Server VM (25.152-b01 mixed mode linux-amd64 compressed oops)
Heap:
 PSYoungGen      total 224768K, used 14320K [0x00000000e0000000, 0x00000000eec00000, 0x0000000100000000)
  eden space 210432K, 0% used [0x00000000e0000000,0x00000000e0000000,0x00000000ecd80000)
  from space 14336K, 99% used [0x00000000ed000000,0x00000000eddfc2f0,0x00000000ede00000)
  to   space 9216K, 0% used [0x00000000ee300000,0x00000000ee300000,0x00000000eec00000)
 ParOldGen       total 76800K, used 24929K [0x00000000a0000000, 0x00000000a4b00000, 0x00000000e0000000)
  object space 76800K, 32% used [0x00000000a0000000,0x00000000a18586b8,0x00000000a4b00000)
 Metaspace       used 50863K, capacity 52378K, committed 52480K, reserved 1093632K
  class space    used 7033K, capacity 7404K, committed 7424K, reserved 1048576K
GC Heap History (10 events):
Event: 7.458 GC heap after
Heap after GC invocations=4 (full 0):
 PSYoungGen      total 132096K, used 5104K [0x00000000e0000000, 0x00000000e8600000, 0x0000000100000000)
  eden space 126976K, 0% used [0x00000000e0000000,0x00000000e0000000,0x00000000e7c00000)
  from space 5120K, 99% used [0x00000000e8100000,0x00000000e85fc050,0x00000000e8600000)
  to   space 5120K, 0% used [0x00000000e7c00000,0x00000000e7c00000,0x00000000e8100000)
 ParOldGen       total 84992K, used 8988K [0x00000000a0000000, 0x00000000a5300000, 0x00000000e0000000)
  object space 84992K, 10% used [0x00000000a0000000,0x00000000a08c7370,0x00000000a5300000)
 Metaspace       used 20694K, capacity 21102K, committed 21248K, reserved 1067008K
  class space    used 2903K, capacity 3069K, committed 3072K, reserved 1048576K
}
Event: 7.458 GC heap before
{Heap before GC invocations=5 (full 1):
 PSYoungGen      total 132096K, used 5104K [0x00000000e0000000, 0x00000000e8600000, 0x0000000100000000)
  eden space 126976K, 0% used [0x00000000e0000000,0x00000000e0000000,0x00000000e7c00000)
  from space 5120K, 99% used [0x00000000e8100000,0x00000000e85fc050,0x00000000e8600000)
  to   space 5120K, 0% used [0x00000000e7c00000,0x00000000e7c00000,0x00000000e8100000)
 ParOldGen       total 84992K, used 8988K [0x00000000a0000000, 0x00000000a5300000, 0x00000000e0000000)
  object space 84992K, 10% used [0x00000000a0000000,0x00000000a08c7370,0x00000000a5300000)
 Metaspace       used 20694K, capacity 21102K, committed 21248K, reserved 1067008K
  class space    used 2903K, capacity 3069K, committed 3072K, reserved 1048576K
Event: 7.536 GC heap after
Heap after GC invocations=5 (full 1):
 PSYoungGen      total 132096K, used 0K [0x00000000e0000000, 0x00000000e8600000, 0x0000000100000000)
  eden space 126976K, 0% used [0x00000000e0000000,0x00000000e0000000,0x00000000e7c00000)
  from space 5120K, 0% used [0x00000000e8100000,0x00000000e8100000,0x00000000e8600000)
  to   space 5120K, 0% used [0x00000000e7c00000,0x00000000e7c00000,0x00000000e8100000)
 ParOldGen       total 53760K, used 8439K [0x00000000a0000000, 0x00000000a3480000, 0x00000000e0000000)
  object space 53760K, 15% used [0x00000000a0000000,0x00000000a083df20,0x00000000a3480000)
 Metaspace       used 20694K, capacity 21102K, committed 21248K, reserved 1067008K
  class space    used 2903K, capacity 3069K, committed 3072K, reserved 1048576K
}
Event: 14.059 GC heap before
{Heap before GC invocations=6 (full 1):
 PSYoungGen      total 132096K, used 126976K [0x00000000e0000000, 0x00000000e8600000, 0x0000000100000000)
  eden space 126976K, 100% used [0x00000000e0000000,0x00000000e7c00000,0x00000000e7c00000)
  from space 5120K, 0% used [0x00000000e8100000,0x00000000e8100000,0x00000000e8600000)
  to   space 5120K, 0% used [0x00000000e7c00000,0x00000000e7c00000,0x00000000e8100000)
 ParOldGen       total 53760K, used 8439K [0x00000000a0000000, 0x00000000a3480000, 0x00000000e0000000)
  object space 53760K, 15% used [0x00000000a0000000,0x00000000a083df20,0x00000000a3480000)
 Metaspace       used 29636K, capacity 30172K, committed 30592K, reserved 1075200K
  class space    used 4168K, capacity 4353K, committed 4480K, reserved 1048576K
Event: 14.074 GC heap after
Heap after GC invocations=6 (full 1):
 PSYoungGen      total 132096K, used 5104K [0x00000000e0000000, 0x00000000ef180000, 0x0000000100000000)
  eden space 126976K, 0% used [0x00000000e0000000,0x00000000e0000000,0x00000000e7c00000)
  from space 5120K, 99% used [0x00000000e7c00000,0x00000000e80fc010,0x00000000e8100000)
  to   space 14848K, 0% used [0x00000000ee300000,0x00000000ee300000,0x00000000ef180000)
 ParOldGen       total 53760K, used 15944K [0x00000000a0000000, 0x00000000a3480000, 0x00000000e0000000)
  object space 53760K, 29% used [0x00000000a0000000,0x00000000a0f92180,0x00000000a3480000)
 Metaspace       used 29636K, capacity 30172K, committed 30592K, reserved 1075200K
  class space    used 4168K, capacity 4353K, committed 4480K, reserved 1048576K
}
Event: 18.315 GC heap before
{Heap before GC invocations=7 (full 1):
 PSYoungGen      total 132096K, used 34027K [0x00000000e0000000, 0x00000000ef180000, 0x0000000100000000)
  eden space 126976K, 22% used [0x00000000e0000000,0x00000000e1c3ec60,0x00000000e7c00000)
  from space 5120K, 99% used [0x00000000e7c00000,0x00000000e80fc010,0x00000000e8100000)
  to   space 14848K, 0% used [0x00000000ee300000,0x00000000ee300000,0x00000000ef180000)
 ParOldGen       total 53760K, used 15944K [0x00000000a0000000, 0x00000000a3480000, 0x00000000e0000000)
  object space 53760K, 29% used [0x00000000a0000000,0x00000000a0f92180,0x00000000a3480000)
 Metaspace       used 34550K, capacity 35162K, committed 35416K, reserved 1079296K
  class space    used 4774K, capacity 5003K, committed 5120K, reserved 1048576K
Event: 18.323 GC heap after
Heap after GC invocations=7 (full 1):
 PSYoungGen      total 219648K, used 9094K [0x00000000e0000000, 0x00000000eec00000, 0x0000000100000000)
  eden space 210432K, 0% used [0x00000000e0000000,0x00000000e0000000,0x00000000ecd80000)
  from space 9216K, 98% used [0x00000000ee300000,0x00000000eebe1880,0x00000000eec00000)
  to   space 14336K, 0% used [0x00000000ed000000,0x00000000ed000000,0x00000000ede00000)
 ParOldGen       total 53760K, used 15952K [0x00000000a0000000, 0x00000000a3480000, 0x00000000e0000000)
  object space 53760K, 29% used [0x00000000a0000000,0x00000000a0f94180,0x00000000a3480000)
 Metaspace       used 34550K, capacity 35162K, committed 35416K, reserved 1079296K
  class space    used 4774K, capacity 5003K, committed 5120K, reserved 1048576K
}
Event: 18.323 GC heap before
{Heap before GC invocations=8 (full 2):
 PSYoungGen      total 219648K, used 9094K [0x00000000e0000000, 0x00000000eec00000, 0x0000000100000000)
  eden space 210432K, 0% used [0x00000000e0000000,0x00000000e0000000,0x00000000ecd80000)
  from space 9216K, 98% used [0x00000000ee300000,0x00000000eebe1880,0x00000000eec00000)
  to   space 14336K, 0% used [0x00000000ed000000,0x00000000ed000000,0x00000000ede00000)
 ParOldGen       total 53760K, used 15952K [0x00000000a0000000, 0x00000000a3480000, 0x00000000e0000000)
  object space 53760K, 29% used [0x00000000a0000000,0x00000000a0f94180,0x00000000a3480000)
 Metaspace       used 34550K, capacity 35162K, committed 35416K, reserved 1079296K
  class space    used 4774K, capacity 5003K, committed 5120K, reserved 1048576K
Event: 18.368 GC heap after
Heap after GC invocations=8 (full 2):
 PSYoungGen      total 219648K, used 0K [0x00000000e0000000, 0x00000000eec00000, 0x0000000100000000)
  eden space 210432K, 0% used [0x00000000e0000000,0x00000000e0000000,0x00000000ecd80000)
  from space 9216K, 0% used [0x00000000ee300000,0x00000000ee300000,0x00000000eec00000)
  to   space 14336K, 0% used [0x00000000ed000000,0x00000000ed000000,0x00000000ede00000)
 ParOldGen       total 76800K, used 17635K [0x00000000a0000000, 0x00000000a4b00000, 0x00000000e0000000)
  object space 76800K, 22% used [0x00000000a0000000,0x00000000a1138ce0,0x00000000a4b00000)
 Metaspace       used 34550K, capacity 35162K, committed 35416K, reserved 1079296K
  class space    used 4774K, capacity 5003K, committed 5120K, reserved 1048576K
}
Event: 102.560 GC heap before
{Heap before GC invocations=9 (full 2):
 PSYoungGen      total 219648K, used 210432K [0x00000000e0000000, 0x00000000eec00000, 0x0000000100000000)
  eden space 210432K, 100% used [0x00000000e0000000,0x00000000ecd80000,0x00000000ecd80000)
  from space 9216K, 0% used [0x00000000ee300000,0x00000000ee300000,0x00000000eec00000)
  to   space 14336K, 0% used [0x00000000ed000000,0x00000000ed000000,0x00000000ede00000)
 ParOldGen       total 76800K, used 17635K [0x00000000a0000000, 0x00000000a4b00000, 0x00000000e0000000)
  object space 76800K, 22% used [0x00000000a0000000,0x00000000a1138ce0,0x00000000a4b00000)
 Metaspace       used 50863K, capacity 52378K, committed 52480K, reserved 1093632K
  class space    used 7033K, capacity 7404K, committed 7424K, reserved 1048576K

